   204.7ms (setup:727): 2025-08-13 00:04:29
   204.8ms (setup:728): /usr/bin/pipx install uv
   204.8ms (setup:729): pipx version is 1.0.0
   204.8ms (setup:730): Default python interpreter is '/usr/bin/python3'
   204.9ms (mkdir:81): creating directory /root/.local/pipx/venvs
   205.0ms (mkdir:81): creating directory /root/.local/pipx/.cache
   205.3ms (package_name_from_spec:323): Determined package name: uv
   205.4ms (package_name_from_spec:324): Package name determined in 0.0s
   205.9ms (run_subprocess:172): running /usr/bin/python3 -m venv --without-pip /root/.local/pipx/venvs/uv
   245.7ms (run_subprocess:185): stdout:
   245.7ms (run_subprocess:187): stderr:
   245.8ms (run_subprocess:188): returncode: 0
   246.2ms (run_subprocess:172): running /usr/bin/python3 -m venv --clear /root/.local/pipx/shared
  2288.3ms (run_subprocess:185): stdout:
  2288.4ms (run_subprocess:187): stderr:
  2288.4ms (run_subprocess:188): returncode: 0
  2288.6ms (upgrade:91): Upgrading shared libraries in /root/.local/pipx/shared
  2288.9ms (run_subprocess:172): running /root/.local/pipx/shared/bin/python -m pip --disable-pip-version-check install --force-reinstall -q --upgrade pip setuptools wheel
  4603.3ms (run_subprocess:185): stdout:
  4603.4ms (run_subprocess:187): stderr:
  4603.4ms (run_subprocess:188): returncode: 0
  4603.8ms (run_subprocess:172): running /root/.local/pipx/venvs/uv/bin/python -c import sysconfig; print(sysconfig.get_path('purelib'))
  4620.0ms (run_subprocess:185): stdout: /root/.local/pipx/venvs/uv/lib/python3.13/site-packages
  4620.0ms (run_subprocess:188): returncode: 0
  4620.1ms (run_subprocess:172): running /root/.local/pipx/shared/bin/python -c import sysconfig; print(sysconfig.get_path('purelib'))
  4637.1ms (run_subprocess:185): stdout: /root/.local/pipx/shared/lib/python3.13/site-packages
  4637.1ms (run_subprocess:188): returncode: 0
  4637.3ms (run_subprocess:172): running /root/.local/pipx/venvs/uv/bin/python --version
  4638.6ms (run_subprocess:185): stdout: Python 3.13.6
  4638.7ms (run_subprocess:187): stderr:
  4638.7ms (run_subprocess:188): returncode: 0
  4639.2ms (_parsed_package_to_package_or_url:128): cleaned package spec: uv
  4639.4ms (run_subprocess:172): running /root/.local/pipx/venvs/uv/bin/python -m pip install uv
  5892.5ms (run_subprocess:188): returncode: 0
  5893.3ms (run_subprocess:172): running <fetch_info_in_venv commands>
  5915.8ms (run_subprocess:185): stdout: {"sys_path": ["/usr/lib/python313.zip", "/usr/lib/python3.13", "/usr/lib/python3.13/lib-dynload", "/root/.local/pipx/venvs/uv/lib/python3.13/site-packages", "/root/.local/pipx/shared/lib/python3.13/site-packages"], "python_version": "3.13.6", "environment": {"implementation_name": "cpython", "implementation_version": "3.13.6", "os_name": "posix", "platform_machine": "x86_64", "platform_release": "6.8.0-1031-azure", "platform_system": "Linux", "platform_version": "#36~22.04.1-Ubuntu SMP Tue Jul  1 03:54:01 UTC 2025", "python_full_version": "3.13.6", "platform_python_implementation": "CPython", "python_version": "3.13", "sys_platform": "linux"}}
  5915.9ms (run_subprocess:188): returncode: 0
  5919.7ms (get_venv_metadata_for_package:303): get_venv_metadata_for_package: 27ms
  5919.9ms (_parsed_package_to_package_or_url:128): cleaned package spec: uv
  5920.5ms (_symlink_package_apps:126): ⚠️  File exists at /root/.local/bin/uv and points to /root/.local/bin/uv, not /root/.local/pipx/venvs/uv/bin/uv. Not modifying.
  5920.7ms (_symlink_package_apps:126): ⚠️  File exists at /root/.local/bin/uvx and points to /root/.local/bin/uvx, not /root/.local/pipx/venvs/uv/bin/uvx. Not modifying.
  5921.4ms (cli:790): pipx finished.
