    93.3ms (setup:727): 2025-08-13 00:34:05
    93.4ms (setup:728): /usr/bin/pipx install uv --force
    93.5ms (setup:729): pipx version is 1.0.0
    93.5ms (setup:730): Default python interpreter is '/usr/bin/python3'
    93.8ms (package_name_from_spec:323): Determined package name: uv
    93.9ms (package_name_from_spec:324): Package name determined in 0.0s
    94.3ms (needs_upgrade:69): Time since last upgrade of shared libs, in seconds: 1771. Upgrade will be run by pipx if greater than 2592000.
    94.7ms (run_subprocess:172): running /usr/bin/python3 -m venv --without-pip /root/.local/pipx/venvs/uv
   134.0ms (run_subprocess:185): stdout:
   134.1ms (run_subprocess:187): stderr:
   134.1ms (run_subprocess:188): returncode: 0
   134.3ms (run_subprocess:172): running /root/.local/pipx/venvs/uv/bin/python -c import sysconfig; print(sysconfig.get_path('purelib'))
   150.0ms (run_subprocess:185): stdout: /root/.local/pipx/venvs/uv/lib/python3.13/site-packages
   150.1ms (run_subprocess:188): returncode: 0
   150.2ms (run_subprocess:172): running /root/.local/pipx/shared/bin/python -c import sysconfig; print(sysconfig.get_path('purelib'))
   167.4ms (run_subprocess:185): stdout: /root/.local/pipx/shared/lib/python3.13/site-packages
   167.4ms (run_subprocess:188): returncode: 0
   167.6ms (run_subprocess:172): running /root/.local/pipx/venvs/uv/bin/python --version
   168.9ms (run_subprocess:185): stdout: Python 3.13.6
   169.0ms (run_subprocess:187): stderr:
   169.0ms (run_subprocess:188): returncode: 0
   169.5ms (_parsed_package_to_package_or_url:128): cleaned package spec: uv
   169.7ms (run_subprocess:172): running /root/.local/pipx/venvs/uv/bin/python -m pip install uv
   598.9ms (run_subprocess:188): returncode: 0
   599.7ms (run_subprocess:172): running <fetch_info_in_venv commands>
   621.8ms (run_subprocess:185): stdout: {"sys_path": ["/usr/lib/python313.zip", "/usr/lib/python3.13", "/usr/lib/python3.13/lib-dynload", "/root/.local/pipx/venvs/uv/lib/python3.13/site-packages", "/root/.local/pipx/shared/lib/python3.13/site-packages"], "python_version": "3.13.6", "environment": {"implementation_name": "cpython", "implementation_version": "3.13.6", "os_name": "posix", "platform_machine": "x86_64", "platform_release": "6.8.0-1031-azure", "platform_system": "Linux", "platform_version": "#36~22.04.1-Ubuntu SMP Tue Jul  1 03:54:01 UTC 2025", "python_full_version": "3.13.6", "platform_python_implementation": "CPython", "python_version": "3.13", "sys_platform": "linux"}}
   621.9ms (run_subprocess:188): returncode: 0
   625.7ms (get_venv_metadata_for_package:303): get_venv_metadata_for_package: 26ms
   626.0ms (_parsed_package_to_package_or_url:128): cleaned package spec: uv
   626.3ms (_symlink_package_apps:112): Force is true. Removing /root/.local/bin/uv.
   638.0ms (_symlink_package_apps:112): Force is true. Removing /root/.local/bin/uvx.
   639.2ms (cli:790): pipx finished.
